Jul-23 06:45:20.142 [main] DEBUG nextflow.cli.Launcher - $> nextflow run fastqc.nf
Jul-23 06:45:20.620 [main] DEBUG nextflow.cli.CmdRun - N E X T F L O W  ~  version 25.04.6
Jul-23 06:45:20.657 [main] DEBUG nextflow.plugin.PluginsFacade - Setting up plugin manager > mode=prod; embedded=false; plugins-dir=/home/codespace/.nextflow/plugins; core-plugins: nf-amazon@2.15.0,nf-azure@1.16.0,nf-cloudcache@0.4.3,nf-codecommit@0.2.3,nf-console@1.2.1,nf-google@1.21.1,nf-k8s@1.0.0,nf-tower@1.11.4,nf-wave@1.12.1
Jul-23 06:45:20.693 [main] INFO  o.pf4j.DefaultPluginStatusProvider - Enabled plugins: []
Jul-23 06:45:20.695 [main] INFO  o.pf4j.DefaultPluginStatusProvider - Disabled plugins: []
Jul-23 06:45:20.698 [main] INFO  org.pf4j.DefaultPluginManager - PF4J version 3.12.0 in 'deployment' mode
Jul-23 06:45:20.718 [main] INFO  org.pf4j.AbstractPluginManager - No plugins
Jul-23 06:45:20.782 [main] DEBUG nextflow.config.ConfigBuilder - Found config local: /workspaces/prime-seq/bin/nextflow.config
Jul-23 06:45:20.786 [main] DEBUG nextflow.config.ConfigBuilder - Parsing config file: /workspaces/prime-seq/bin/nextflow.config
Jul-23 06:45:20.843 [main] DEBUG n.secret.LocalSecretsProvider - Secrets store: /home/codespace/.nextflow/secrets/store.json
Jul-23 06:45:20.850 [main] DEBUG nextflow.secret.SecretsLoader - Discovered secrets providers: [nextflow.secret.LocalSecretsProvider@3bcd426c] - activable => nextflow.secret.LocalSecretsProvider@3bcd426c
Jul-23 06:45:20.864 [main] DEBUG nextflow.config.ConfigBuilder - Applying config profile: `standard`
Jul-23 06:45:21.596 [main] DEBUG nextflow.cli.CmdRun - Applied DSL=2 by global default
Jul-23 06:45:21.617 [main] DEBUG nextflow.cli.CmdRun - Launching `fastqc.nf` [nasty_thompson] DSL2 - revision: 17e36334c0
Jul-23 06:45:21.619 [main] DEBUG nextflow.plugin.PluginsFacade - Plugins default=[]
Jul-23 06:45:21.619 [main] DEBUG nextflow.plugin.PluginsFacade - Plugins resolved requirement=[]
Jul-23 06:45:21.709 [main] DEBUG nextflow.Session - Session UUID: ee000913-0bf6-47ad-a9ce-ace00b1344af
Jul-23 06:45:21.711 [main] DEBUG nextflow.Session - Run name: nasty_thompson
Jul-23 06:45:21.712 [main] DEBUG nextflow.Session - Executor pool size: 2
Jul-23 06:45:21.736 [main] DEBUG nextflow.file.FilePorter - File porter settings maxRetries=3; maxTransfers=50; pollTimeout=null
Jul-23 06:45:21.751 [main] DEBUG nextflow.util.ThreadPoolBuilder - Creating thread pool 'FileTransfer' minSize=10; maxSize=10; workQueue=LinkedBlockingQueue[-1]; allowCoreThreadTimeout=false
Jul-23 06:45:21.799 [main] DEBUG nextflow.cli.CmdRun - 
  Version: 25.04.6 build 5954
  Created: 01-07-2025 11:27 UTC 
  System: Linux 6.8.0-1027-azure
  Runtime: Groovy 4.0.26 on OpenJDK 64-Bit Server VM 21.0.7+6-LTS
  Encoding: UTF-8 (UTF-8)
  Process: 108079@codespaces-b9a470 [127.0.0.1]
  CPUs: 2 - Mem: 7.8 GB (445.1 MB) - Swap: 0 (0)
Jul-23 06:45:21.834 [main] DEBUG nextflow.Session - Work-dir: /workspaces/prime-seq/bin/work [ext2/ext3]
Jul-23 06:45:21.835 [main] DEBUG nextflow.Session - Script base path does not exist or is not a directory: /workspaces/prime-seq/bin/bin
Jul-23 06:45:21.847 [main] DEBUG nextflow.executor.ExecutorFactory - Extension executors providers=[]
Jul-23 06:45:21.858 [main] DEBUG nextflow.Session - Observer factory: DefaultObserverFactory
Jul-23 06:45:21.864 [main] DEBUG nextflow.Session - Observer factory (v2): LinObserverFactory
Jul-23 06:45:21.902 [main] DEBUG nextflow.cache.CacheFactory - Using Nextflow cache factory: nextflow.cache.DefaultCacheFactory
Jul-23 06:45:21.913 [main] DEBUG nextflow.util.CustomThreadPool - Creating default thread pool > poolSize: 3; maxThreads: 1000
Jul-23 06:45:21.987 [main] DEBUG nextflow.Session - Session start
Jul-23 06:45:22.798 [main] DEBUG nextflow.script.ScriptRunner - > Launching execution
Jul-23 06:45:23.148 [main] DEBUG nextflow.executor.ExecutorFactory - << taskConfig executor: null
Jul-23 06:45:23.148 [main] DEBUG nextflow.executor.ExecutorFactory - >> processorType: 'local'
Jul-23 06:45:23.156 [main] DEBUG nextflow.executor.Executor - [warm up] executor > local
Jul-23 06:45:23.165 [main] DEBUG n.processor.LocalPollingMonitor - Creating local task monitor for executor 'local' > cpus=2; memory=7.8 GB; capacity=2; pollInterval=100ms; dumpInterval=5m
Jul-23 06:45:23.168 [main] DEBUG n.processor.TaskPollingMonitor - >>> barrier register (monitor: local)
Jul-23 06:45:23.202 [main] DEBUG nextflow.processor.TaskProcessor - Creating process 'FastQC': maxForks=0; fair=false; array=0
Jul-23 06:45:23.271 [main] DEBUG nextflow.executor.ExecutorFactory - << taskConfig executor: null
Jul-23 06:45:23.271 [main] DEBUG nextflow.executor.ExecutorFactory - >> processorType: 'local'
Jul-23 06:45:23.275 [main] DEBUG nextflow.processor.TaskProcessor - Creating process 'Extract_barcodes': maxForks=0; fair=false; array=0
Jul-23 06:45:23.286 [main] DEBUG nextflow.Session - Workflow process names [dsl2]: Alignment, Extract_barcodes, FastQC
Jul-23 06:45:23.292 [main] DEBUG nextflow.Session - Igniting dataflow network (4)
Jul-23 06:45:23.303 [main] DEBUG nextflow.processor.TaskProcessor - Starting process > FastQC
Jul-23 06:45:23.306 [main] DEBUG nextflow.processor.TaskProcessor - Starting process > Extract_barcodes
Jul-23 06:45:23.306 [main] DEBUG nextflow.script.ScriptRunner - Parsed script files:
  Script_924ef467fee32732: /workspaces/prime-seq/bin/fastqc.nf
Jul-23 06:45:23.303 [PathVisitor-1] DEBUG nextflow.file.PathVisitor - files for syntax: glob; folder: /workspaces/prime-seq/data/reads/; pattern: SRR*1_{1,2}.fastq.gz; options: [checkIfExists:true]
Jul-23 06:45:23.309 [main] DEBUG nextflow.script.ScriptRunner - > Awaiting termination 
Jul-23 06:45:23.310 [main] DEBUG nextflow.Session - Session await
Jul-23 06:45:23.635 [Task submitter] DEBUG n.executor.local.LocalTaskHandler - Launch cmd line: /bin/bash -ue .command.run
Jul-23 06:45:23.640 [Task submitter] INFO  nextflow.Session - [ae/f39942] Submitted process > FastQC (1)
Jul-23 06:45:31.696 [Task monitor] DEBUG n.processor.TaskPollingMonitor - Task completed > TaskHandler[id: 1; name: FastQC (1); status: COMPLETED; exit: 0; error: -; workDir: /workspaces/prime-seq/bin/work/ae/f39942d71ecaf0fae740cc851c0ee2]
Jul-23 06:45:31.697 [Task monitor] DEBUG nextflow.util.ThreadPoolBuilder - Creating thread pool 'TaskFinalizer' minSize=10; maxSize=10; workQueue=LinkedBlockingQueue[-1]; allowCoreThreadTimeout=false
Jul-23 06:45:31.802 [Task submitter] DEBUG n.executor.local.LocalTaskHandler - Launch cmd line: /bin/bash -ue .command.run
Jul-23 06:45:31.804 [Task submitter] INFO  nextflow.Session - [2a/702347] Submitted process > Extract_barcodes (1)
Jul-23 06:45:31.846 [TaskFinalizer-1] DEBUG nextflow.util.ThreadPoolBuilder - Creating thread pool 'PublishDir' minSize=10; maxSize=10; workQueue=LinkedBlockingQueue[-1]; allowCoreThreadTimeout=false
Jul-23 06:45:33.573 [Task monitor] DEBUG n.processor.TaskPollingMonitor - Task completed > TaskHandler[id: 2; name: Extract_barcodes (1); status: COMPLETED; exit: 0; error: -; workDir: /workspaces/prime-seq/bin/work/2a/70234736101e94d6fde26487a13f20]
Jul-23 06:45:33.606 [main] DEBUG nextflow.Session - Session await > all processes finished
Jul-23 06:45:33.677 [Task monitor] DEBUG n.processor.TaskPollingMonitor - <<< barrier arrives (monitor: local) - terminating tasks monitor poll loop
Jul-23 06:45:33.677 [main] DEBUG nextflow.Session - Session await > all barriers passed
Jul-23 06:45:33.685 [main] DEBUG nextflow.util.ThreadPoolManager - Thread pool 'TaskFinalizer' shutdown completed (hard=false)
Jul-23 06:45:33.687 [main] DEBUG nextflow.util.ThreadPoolManager - Thread pool 'PublishDir' shutdown completed (hard=false)
Jul-23 06:45:33.709 [main] DEBUG n.trace.WorkflowStatsObserver - Workflow completed > WorkflowStats[succeededCount=2; failedCount=0; ignoredCount=0; cachedCount=0; pendingCount=0; submittedCount=0; runningCount=0; retriesCount=0; abortedCount=0; succeedDuration=9.7s; failedDuration=0ms; cachedDuration=0ms;loadCpus=0; loadMemory=0; peakRunning=1; peakCpus=1; peakMemory=0; ]
Jul-23 06:45:33.970 [main] DEBUG nextflow.cache.CacheDB - Closing CacheDB done
Jul-23 06:45:34.031 [main] DEBUG nextflow.util.ThreadPoolManager - Thread pool 'FileTransfer' shutdown completed (hard=false)
Jul-23 06:45:34.032 [main] DEBUG nextflow.script.ScriptRunner - > Execution complete -- Goodbye
