Jul-15 23:13:55.315 [main] DEBUG nextflow.cli.Launcher - $> nextflow run bin/fastqc.nf
Jul-15 23:13:55.464 [main] DEBUG nextflow.cli.CmdRun - N E X T F L O W  ~  version 25.04.6
Jul-15 23:13:55.510 [main] DEBUG nextflow.plugin.PluginsFacade - Setting up plugin manager > mode=prod; embedded=false; plugins-dir=/home/codespace/.nextflow/plugins; core-plugins: nf-amazon@2.15.0,nf-azure@1.16.0,nf-cloudcache@0.4.3,nf-codecommit@0.2.3,nf-console@1.2.1,nf-google@1.21.1,nf-k8s@1.0.0,nf-tower@1.11.4,nf-wave@1.12.1
Jul-15 23:13:55.562 [main] INFO  o.pf4j.DefaultPluginStatusProvider - Enabled plugins: []
Jul-15 23:13:55.565 [main] INFO  o.pf4j.DefaultPluginStatusProvider - Disabled plugins: []
Jul-15 23:13:55.574 [main] INFO  org.pf4j.DefaultPluginManager - PF4J version 3.12.0 in 'deployment' mode
Jul-15 23:13:55.598 [main] INFO  org.pf4j.AbstractPluginManager - No plugins
Jul-15 23:13:55.779 [main] DEBUG nextflow.cli.CmdRun - Applied DSL=2 by global default
Jul-15 23:13:55.804 [main] DEBUG nextflow.cli.CmdRun - Launching `bin/fastqc.nf` [cranky_ritchie] DSL2 - revision: aad6972156
Jul-15 23:13:55.808 [main] DEBUG nextflow.plugin.PluginsFacade - Plugins default=[]
Jul-15 23:13:55.809 [main] DEBUG nextflow.plugin.PluginsFacade - Plugins resolved requirement=[]
Jul-15 23:13:55.915 [main] DEBUG nextflow.Session - Session UUID: b730716e-c345-445d-a5a2-3345d6184d20
Jul-15 23:13:55.916 [main] DEBUG nextflow.Session - Run name: cranky_ritchie
Jul-15 23:13:55.917 [main] DEBUG nextflow.Session - Executor pool size: 2
Jul-15 23:13:55.936 [main] DEBUG nextflow.file.FilePorter - File porter settings maxRetries=3; maxTransfers=50; pollTimeout=null
Jul-15 23:13:55.952 [main] DEBUG nextflow.util.ThreadPoolBuilder - Creating thread pool 'FileTransfer' minSize=10; maxSize=10; workQueue=LinkedBlockingQueue[-1]; allowCoreThreadTimeout=false
Jul-15 23:13:55.989 [main] DEBUG nextflow.cli.CmdRun - 
  Version: 25.04.6 build 5954
  Created: 01-07-2025 11:27 UTC 
  System: Linux 6.8.0-1027-azure
  Runtime: Groovy 4.0.26 on OpenJDK 64-Bit Server VM 21.0.7+6-LTS
  Encoding: UTF-8 (UTF-8)
  Process: 26314@codespaces-b9a470 [127.0.0.1]
  CPUs: 2 - Mem: 7.8 GB (245.6 MB) - Swap: 0 (0)
Jul-15 23:13:56.064 [main] DEBUG nextflow.Session - Work-dir: /workspaces/prime-seq/work [ext2/ext3]
Jul-15 23:13:56.065 [main] DEBUG nextflow.Session - Script base path does not exist or is not a directory: /workspaces/prime-seq/bin/bin
Jul-15 23:13:56.099 [main] DEBUG nextflow.executor.ExecutorFactory - Extension executors providers=[]
Jul-15 23:13:56.117 [main] DEBUG nextflow.Session - Observer factory: DefaultObserverFactory
Jul-15 23:13:56.131 [main] DEBUG nextflow.Session - Observer factory (v2): LinObserverFactory
Jul-15 23:13:56.177 [main] DEBUG nextflow.cache.CacheFactory - Using Nextflow cache factory: nextflow.cache.DefaultCacheFactory
Jul-15 23:13:56.191 [main] DEBUG nextflow.util.CustomThreadPool - Creating default thread pool > poolSize: 3; maxThreads: 1000
Jul-15 23:13:56.302 [main] DEBUG nextflow.Session - Session start
Jul-15 23:13:57.351 [main] DEBUG nextflow.script.ScriptRunner - > Launching execution
Jul-15 23:13:57.369 [main] DEBUG n.secret.LocalSecretsProvider - Secrets store: /home/codespace/.nextflow/secrets/store.json
Jul-15 23:13:57.380 [main] DEBUG nextflow.secret.SecretsLoader - Discovered secrets providers: [nextflow.secret.LocalSecretsProvider@3d53e6f7] - activable => nextflow.secret.LocalSecretsProvider@3d53e6f7
Jul-15 23:13:57.544 [main] DEBUG nextflow.Session - Workflow process names [dsl2]: FastQC
Jul-15 23:13:57.547 [main] DEBUG nextflow.Session - Igniting dataflow network (1)
Jul-15 23:13:57.556 [main] DEBUG nextflow.script.ScriptRunner - Parsed script files:
  Script_7854d25a9541c876: /workspaces/prime-seq/bin/fastqc.nf
Jul-15 23:13:57.558 [main] DEBUG nextflow.script.ScriptRunner - > Awaiting termination 
Jul-15 23:13:57.558 [main] DEBUG nextflow.Session - Session await
Jul-15 23:13:57.558 [main] DEBUG nextflow.Session - Session await > all processes finished
Jul-15 23:13:57.558 [main] DEBUG nextflow.Session - Session await > all barriers passed
Jul-15 23:13:57.579 [main] DEBUG n.trace.WorkflowStatsObserver - Workflow completed > WorkflowStats[succeededCount=0; failedCount=0; ignoredCount=0; cachedCount=0; pendingCount=0; submittedCount=0; runningCount=0; retriesCount=0; abortedCount=0; succeedDuration=0ms; failedDuration=0ms; cachedDuration=0ms;loadCpus=0; loadMemory=0; peakRunning=0; peakCpus=0; peakMemory=0; ]
Jul-15 23:13:57.735 [main] DEBUG nextflow.cache.CacheDB - Closing CacheDB done
Jul-15 23:13:57.775 [main] DEBUG nextflow.util.ThreadPoolManager - Thread pool 'FileTransfer' shutdown completed (hard=false)
Jul-15 23:13:57.776 [main] DEBUG nextflow.script.ScriptRunner - > Execution complete -- Goodbye
