# UMI-tools version: 1.1.6
# output generated by extract --extract-method=regex --bc-pattern='(?P<umi_1>.{18})(?P<cell_1>.{10})$' --stdin=SRR003_1_val_1.fq.gz --stdout=SRR003_1_val_1_extracted.fastq.gz --read2-in=SRR003_2_val_2.fq.gz --read2-out=SRR003_2_val_2_extracted.fastq.gz --whitelist=/workspaces/prime-seq/data/barcodes_whitelist.tsv
# job started at Wed Jul 23 06:24:37 2025 on 817662cec7ab -- e4c97099-c754-46f9-bc24-c566accc25b8
# pid: 18, system: Linux 6.8.0-1027-azure #32~22.04.1-Ubuntu SMP Thu Apr  3 20:26:27 UTC 2025 x86_64
# blacklist                               : None
# compresslevel                           : 6
# correct_umi_threshold                   : 0
# either_read                             : False
# either_read_resolve                     : discard
# error_correct_cell                      : False
# extract_method                          : regex
# filter_cell_barcode                     : None
# filter_cell_barcodes                    : False
# filter_umi                              : None
# filtered_out                            : None
# filtered_out2                           : None
# ignore_suffix                           : False
# log2stderr                              : False
# loglevel                                : 1
# pattern                                 : '(?P<umi_1>.{18})(?P<cell_1>.{10})$'
# pattern2                                : None
# prime3                                  : None
# quality_encoding                        : None
# quality_filter_mask                     : None
# quality_filter_threshold                : None
# random_seed                             : None
# read2_in                                : SRR003_2_val_2.fq.gz
# read2_only                              : False
# read2_out                               : SRR003_2_val_2_extracted.fastq.gz
# read2_stdout                            : False
# reads_subset                            : None
# reconcile                               : False
# retain_umi                              : None
# short_help                              : None
# stderr                                  : <_io.TextIOWrapper name='<stderr>' mode='w' encoding='utf-8'>
# stdin                                   : <_io.TextIOWrapper name='SRR003_1_val_1.fq.gz' encoding='ascii'>
# stdlog                                  : <_io.TextIOWrapper name='<stdout>' mode='w' encoding='utf-8'>
# stdout                                  : <_io.TextIOWrapper name='SRR003_1_val_1_extracted.fastq.gz' encoding='ascii'>
# timeit_file                             : None
# timeit_header                           : None
# timeit_name                             : all
# tmpdir                                  : None
# umi_correct_log                         : None
# umi_separator                           : _
# umi_whitelist                           : None
# umi_whitelist_paired                    : None
# whitelist                               : /workspaces/prime-seq/data/barcodes_whitelist.tsv
Traceback (most recent call last):
  File "/opt/conda/bin/umi_tools", line 11, in <module>
    sys.exit(main())
             ^^^^^^
  File "/opt/conda/lib/python3.12/site-packages/umi_tools/umi_tools.py", line 61, in main
    module.main(sys.argv)
  File "/opt/conda/lib/python3.12/site-packages/umi_tools/extract.py", line 417, in main
    cell_whitelist, false_to_true_map = whitelist_methods.getUserDefinedBarcodes(
                                        ^^^^^^^^^^^^^^^^^^^^^^^^^^^^^^^^^^^^^^^^^
  File "/opt/conda/lib/python3.12/site-packages/umi_tools/whitelist_methods.py", line 627, in getUserDefinedBarcodes
    whitelist = [x for x in whitelist_barcodes]
                            ^^^^^^^^^^^^^^^^^^
  File "/opt/conda/lib/python3.12/site-packages/umi_tools/whitelist_methods.py", line 532, in singleBarcodeGenerator
    with U.openFile(whitelist_tsv, "r") as inf:
         ^^^^^^^^^^^^^^^^^^^^^^^^^^^^^^
  File "/opt/conda/lib/python3.12/site-packages/umi_tools/Utilities.py", line 525, in openFile
    return open(filename, mode)
           ^^^^^^^^^^^^^^^^^^^^
FileNotFoundError: [Errno 2] No such file or directory: '/workspaces/prime-seq/data/barcodes_whitelist.tsv'
nxf-66Q09cUA7AN0cN219OfM04Yj
