# UMI-tools version: 1.1.6
# output generated by extract --extract-method=regex --bc-pattern='(?P<umi_1>.{18})(?P<cell_1>.{10})$' --stdin=SRR005_1.fastq.gz
# job started at Wed Jul 23 05:29:49 2025 on 9a180dc920aa -- d99e4d93-f377-44c0-b5ce-74332d6c3104
# pid: 17, system: Linux 6.8.0-1027-azure #32~22.04.1-Ubuntu SMP Thu Apr  3 20:26:27 UTC 2025 x86_64
# blacklist                               : None
# compresslevel                           : 6
# correct_umi_threshold                   : 0
# either_read                             : False
# either_read_resolve                     : discard
# error_correct_cell                      : False
# extract_method                          : regex
# filter_cell_barcode                     : None
# filter_cell_barcodes                    : False
# filter_umi                              : None
# filtered_out                            : None
# filtered_out2                           : None
# ignore_suffix                           : False
# log2stderr                              : False
# loglevel                                : 1
# pattern                                 : '(?P<umi_1>.{18})(?P<cell_1>.{10})$'
# pattern2                                : None
# prime3                                  : None
# quality_encoding                        : None
# quality_filter_mask                     : None
# quality_filter_threshold                : None
# random_seed                             : None
# read2_in                                : None
# read2_only                              : False
# read2_out                               : False
# read2_stdout                            : False
# reads_subset                            : None
# reconcile                               : False
# retain_umi                              : None
# short_help                              : None
# stderr                                  : <_io.TextIOWrapper name='<stderr>' mode='w' encoding='utf-8'>
# stdin                                   : <_io.TextIOWrapper name='SRR005_1.fastq.gz' encoding='ascii'>
# stdlog                                  : <_io.TextIOWrapper name='<stdout>' mode='w' encoding='utf-8'>
# stdout                                  : <_io.TextIOWrapper name='<stdout>' mode='w' encoding='utf-8'>
# timeit_file                             : None
# timeit_header                           : None
# timeit_name                             : all
# tmpdir                                  : None
# umi_correct_log                         : None
# umi_separator                           : _
# umi_whitelist                           : None
# umi_whitelist_paired                    : None
# whitelist                               : None
## 2025-07-23 05:29:49,237 INFO Starting barcode extraction
## 2025-07-23 05:29:49,265 INFO Input Reads: 10000
## 2025-07-23 05:29:49,265 INFO regex does not match read1: 10000
# job finished in 0 seconds at Wed Jul 23 05:29:49 2025 --  0.96  0.11  0.00  0.00 -- d99e4d93-f377-44c0-b5ce-74332d6c3104
